<?xml version="1.0" encoding="UTF-8"?>
<!-- Generated by org.testng.reporters.JUnitReportReporter -->
<testsuite hostname="DESKTOP-102IL3T" failures="0" tests="1" name="com.Amazokart.kidsproducttest.Kidsproduct6" time="0.002" errors="0" timestamp="2024-08-02T12:05:38 IST" skipped="0">
  <testcase classname="com.Amazokart.kidsproducttest.Kidsproduct6" name="addproduct" time="0.002"/>
  <system-out>
    <![CDATA[addproduct-kids prd6 successfully]]>
  </system-out>
</testsuite> <!-- com.Amazokart.kidsproducttest.Kidsproduct6 -->
