<?xml version="1.0" encoding="UTF-8"?>
<!-- Generated by org.testng.reporters.JUnitReportReporter -->
<testsuite hostname="DESKTOP-102IL3T" failures="0" tests="1" name="com.Amazokart.electronicsproducttest.product_test" time="0.029" errors="0" timestamp="2024-07-29T13:58:10 IST" skipped="0">
  <testcase classname="com.Amazokart.electronicsproducttest.product_test" name="deleteproduct" time="0.029"/>
  <system-out>
    <![CDATA[deleteproduct-kids prd successfully]]>
  </system-out>
</testsuite> <!-- com.Amazokart.electronicsproducttest.product_test -->
