<?xml version="1.0" encoding="UTF-8"?>
<!-- Generated by org.testng.reporters.JUnitReportReporter -->
<testsuite hostname="DESKTOP-102IL3T" failures="0" tests="3" name="com.Amazokart.kidsproducttest.Kidsproduct" time="0.022" errors="0" timestamp="2024-08-02T12:05:38 IST" skipped="1">
  <testcase classname="com.Amazokart.kidsproducttest.Kidsproduct" name="addproduct" time="0.018"/>
  <system-out>
    <![CDATA[addproduct-kids prd successfully]]>
  </system-out>
  <testcase classname="com.Amazokart.kidsproducttest.Kidsproduct" name="addproduct" time="0.004"/>
  <system-out>
    <![CDATA[addproduct-kids prd successfully]]>
  </system-out>
  <testcase classname="com.Amazokart.kidsproducttest.Kidsproduct" name="deleteproduct">
    <skipped/>
  </testcase> <!-- deleteproduct -->
  <system-out/>
</testsuite> <!-- com.Amazokart.kidsproducttest.Kidsproduct -->
