<?xml version="1.0" encoding="UTF-8"?>
<!-- Generated by org.testng.reporters.JUnitReportReporter -->
<testsuite hostname="DESKTOP-102IL3T" failures="0" tests="4" name="com.Amazokart.regestertest.RegisterTest" time="1.634" errors="0" timestamp="2024-08-08T12:22:07 IST" skipped="1">
  <testcase classname="com.Amazokart.regestertest.RegisterTest" name="createUser_invalidData" time="0.514"/>
  <system-out>
    <![CDATA[createUser_InvalidData for Register Test]]>
  </system-out>
  <testcase classname="com.Amazokart.regestertest.RegisterTest" name="createUser_invalidData" time="0.644"/>
  <system-out>
    <![CDATA[createUser_InvalidData for Register Test]]>
  </system-out>
  <testcase classname="com.Amazokart.regestertest.RegisterTest" name="createUser_invalidData" time="0.476"/>
  <system-out>
    <![CDATA[createUser_InvalidData for Register Test]]>
  </system-out>
  <testcase classname="com.Amazokart.regestertest.RegisterTest" name="createUser_validData">
    <skipped/>
  </testcase> <!-- createUser_validData -->
  <system-out/>
</testsuite> <!-- com.Amazokart.regestertest.RegisterTest -->
