<?xml version="1.0" encoding="UTF-8"?>
<!-- Generated by org.testng.reporters.JUnitReportReporter -->
<testsuite hostname="DESKTOP-102IL3T" failures="0" tests="2" name="com.Amazokart.logintest.LoginTest" time="0.024" errors="0" timestamp="2024-07-19T11:52:08 IST" skipped="0">
  <testcase classname="com.Amazokart.logintest.LoginTest" name="login_validData" time="0.002"/>
  <system-out>
    <![CDATA[login_validata for register test]]>
  </system-out>
  <testcase classname="com.Amazokart.logintest.LoginTest" name="login_invalidata" time="0.022"/>
  <system-out>
    <![CDATA[login_invalidata for register test]]>
  </system-out>
</testsuite> <!-- com.Amazokart.logintest.LoginTest -->
